0 info it worked if it ends with ok
1 verbose cli [ '/usr/bin/node', '/usr/bin/npm', 'run', 'server-dev' ]
2 info using npm@3.10.10
3 info using node@v6.14.3
4 verbose run-script [ 'preserver-dev', 'server-dev', 'postserver-dev' ]
5 info lifecycle github-fetcher-fullstack-v2@1.0.0~preserver-dev: github-fetcher-fullstack-v2@1.0.0
6 silly lifecycle github-fetcher-fullstack-v2@1.0.0~preserver-dev: no script for preserver-dev, continuing
7 info lifecycle github-fetcher-fullstack-v2@1.0.0~server-dev: github-fetcher-fullstack-v2@1.0.0
8 verbose lifecycle github-fetcher-fullstack-v2@1.0.0~server-dev: unsafe-perm in lifecycle true
9 verbose lifecycle github-fetcher-fullstack-v2@1.0.0~server-dev: PATH: /usr/lib/node_modules/npm/bin/node-gyp-bin:/home/ricardo/Documents/Bootcamp/fullstack_review/hrsf98-fullstack-review/node_modules/.bin:/home/ricardo/anaconda3/bin:/home/ricardo/bin:/home/ricardo/.local/bin:/usr/local/sbin:/usr/local/bin:/usr/sbin:/usr/bin:/sbin:/bin:/usr/games:/usr/local/games:/snap/bin
10 verbose lifecycle github-fetcher-fullstack-v2@1.0.0~server-dev: CWD: /home/ricardo/Documents/Bootcamp/fullstack_review/hrsf98-fullstack-review
11 silly lifecycle github-fetcher-fullstack-v2@1.0.0~server-dev: Args: [ '-c', 'nodemon server/index.js' ]
12 silly lifecycle github-fetcher-fullstack-v2@1.0.0~server-dev: Returned: code: 130  signal: null
13 info lifecycle github-fetcher-fullstack-v2@1.0.0~server-dev: Failed to exec server-dev script
14 verbose stack Error: github-fetcher-fullstack-v2@1.0.0 server-dev: `nodemon server/index.js`
14 verbose stack Exit status 130
14 verbose stack     at EventEmitter.<anonymous> (/usr/lib/node_modules/npm/lib/utils/lifecycle.js:255:16)
14 verbose stack     at emitTwo (events.js:106:13)
14 verbose stack     at EventEmitter.emit (events.js:191:7)
14 verbose stack     at ChildProcess.<anonymous> (/usr/lib/node_modules/npm/lib/utils/spawn.js:40:14)
14 verbose stack     at emitTwo (events.js:106:13)
14 verbose stack     at ChildProcess.emit (events.js:191:7)
14 verbose stack     at maybeClose (internal/child_process.js:920:16)
14 verbose stack     at Process.ChildProcess._handle.onexit (internal/child_process.js:230:5)
15 verbose pkgid github-fetcher-fullstack-v2@1.0.0
16 verbose cwd /home/ricardo/Documents/Bootcamp/fullstack_review/hrsf98-fullstack-review
17 error Linux 4.13.0-45-generic
18 error argv "/usr/bin/node" "/usr/bin/npm" "run" "server-dev"
19 error node v6.14.3
20 error npm  v3.10.10
21 error code ELIFECYCLE
22 error github-fetcher-fullstack-v2@1.0.0 server-dev: `nodemon server/index.js`
22 error Exit status 130
23 error Failed at the github-fetcher-fullstack-v2@1.0.0 server-dev script 'nodemon server/index.js'.
23 error Make sure you have the latest version of node.js and npm installed.
23 error If you do, this is most likely a problem with the github-fetcher-fullstack-v2 package,
23 error not with npm itself.
23 error Tell the author that this fails on your system:
23 error     nodemon server/index.js
23 error You can get information on how to open an issue for this project with:
23 error     npm bugs github-fetcher-fullstack-v2
23 error Or if that isn't available, you can get their info via:
23 error     npm owner ls github-fetcher-fullstack-v2
23 error There is likely additional logging output above.
24 verbose exit [ 1, true ]
